app/src/build/intermediates/manifest_merge_blame_file/debug/manifest-merger-blame-debug-report.txt
1<?xml version="1.0" encoding="utf-8"?>
2<manifest xmlns:android="http://schemas.android.com/apk/res/android"
3    package="com.bcoop.bcoop"
4    android:versionCode="1"
5    android:versionName="1.0" >
6
7    <uses-sdk
8        android:minSdkVersion="21"
8-->src\main\AndroidManifest.xml
9        android:targetSdkVersion="29" />
9-->src\main\AndroidManifest.xml
10
11    <uses-permission android:name="android.permission.INTERNET" />
11-->src\main\AndroidManifest.xml:5:5-67
11-->src\main\AndroidManifest.xml:5:22-64
12    <uses-permission android:name="android.permission.READ_EXTERNAL_STORAGE" />
12-->src\main\AndroidManifest.xml:6:5-79
12-->src\main\AndroidManifest.xml:6:22-77
13    <uses-permission android:name="android.permission.ACCESS_COARSE_LOCATION" />
13-->src\main\AndroidManifest.xml:7:5-80
13-->src\main\AndroidManifest.xml:7:22-78
14    <uses-permission android:name="android.permission.ACCESS_FINE_LOCATION" />
14-->src\main\AndroidManifest.xml:8:5-78
14-->src\main\AndroidManifest.xml:8:22-76
15
16    <!-- Although the *SdkVersion is captured in gradle build files, this is required for non gradle builds -->
17    <!-- <uses-sdk android:minSdkVersion="14"/> -->
18    <uses-permission android:name="android.permission.ACCESS_NETWORK_STATE" />
18-->[com.google.firebase:firebase-storage:19.1.1] AndroidManifest.xml:26:5-79
18-->[com.google.firebase:firebase-storage:19.1.1] AndroidManifest.xml:26:22-76
19
20    <uses-feature
20-->[com.google.android.gms:play-services-maps:17.0.0] AndroidManifest.xml:26:5-28:35
21        android:glEsVersion="0x00020000"
21-->[com.google.android.gms:play-services-maps:17.0.0] AndroidManifest.xml:27:9-41
22        android:required="true" />
22-->[com.google.android.gms:play-services-maps:17.0.0] AndroidManifest.xml:28:9-32
23
24    <uses-permission android:name="android.permission.WAKE_LOCK" />
24-->[com.google.android.gms:play-services-measurement:17.2.3] AndroidManifest.xml:25:5-68
24-->[com.google.android.gms:play-services-measurement:17.2.3] AndroidManifest.xml:25:22-65
25    <uses-permission android:name="com.google.android.finsky.permission.BIND_GET_INSTALL_REFERRER_SERVICE" /> <!-- Required by older versions of Google Play services to create IID tokens -->
25-->[com.google.android.gms:play-services-measurement:17.2.3] AndroidManifest.xml:26:5-110
25-->[com.google.android.gms:play-services-measurement:17.2.3] AndroidManifest.xml:26:22-107
26    <uses-permission android:name="com.google.android.c2dm.permission.RECEIVE" />
26-->[com.google.firebase:firebase-iid:20.0.2] AndroidManifest.xml:26:5-82
26-->[com.google.firebase:firebase-iid:20.0.2] AndroidManifest.xml:26:22-79
27
28    <application
28-->src\main\AndroidManifest.xml:10:5-38:19
29        android:allowBackup="true"
29-->src\main\AndroidManifest.xml:11:9-35
30        android:appComponentFactory="androidx.core.app.CoreComponentFactory"
30-->[androidx.core:core:1.1.0] AndroidManifest.xml:24:18-86
31        android:debuggable="true"
32        android:icon="@mipmap/logo"
32-->src\main\AndroidManifest.xml:12:9-36
33        android:label="@string/app_name"
33-->src\main\AndroidManifest.xml:13:9-41
34        android:roundIcon="@mipmap/logo_round"
34-->src\main\AndroidManifest.xml:14:9-47
35        android:supportsRtl="true"
35-->src\main\AndroidManifest.xml:15:9-35
36        android:testOnly="true"
37        android:theme="@style/AppTheme" >
37-->src\main\AndroidManifest.xml:16:9-40
38        <meta-data
38-->src\main\AndroidManifest.xml:18:9-111
39            android:name="com.google.android.geo.API_KEY"
39-->src\main\AndroidManifest.xml:18:20-65
40            android:value="@string/google_maps_API_key" />
40-->src\main\AndroidManifest.xml:18:66-109
41
42        <activity android:name="com.bcoop.bcoop.InitConfigLocationActivity" />
42-->src\main\AndroidManifest.xml:20:9-64
42-->src\main\AndroidManifest.xml:20:19-61
43        <activity android:name="com.bcoop.bcoop.InitConfigImageActivity" />
43-->src\main\AndroidManifest.xml:21:9-61
43-->src\main\AndroidManifest.xml:21:19-58
44        <activity android:name="com.bcoop.bcoop.InitConfigActivity" />
44-->src\main\AndroidManifest.xml:22:9-56
44-->src\main\AndroidManifest.xml:22:19-53
45        <activity
45-->src\main\AndroidManifest.xml:23:9-25:60
46            android:name="com.bcoop.bcoop.HomeActivity"
46-->src\main\AndroidManifest.xml:24:13-41
47            android:theme="@style/AppThemeWithActionBar" />
47-->src\main\AndroidManifest.xml:25:13-57
48        <activity
48-->src\main\AndroidManifest.xml:26:9-28:60
49            android:name="com.bcoop.bcoop.RegisterActivity"
49-->src\main\AndroidManifest.xml:27:13-45
50            android:theme="@style/AppThemeWithActionBar" />
50-->src\main\AndroidManifest.xml:28:13-57
51        <activity
51-->src\main\AndroidManifest.xml:29:9-37:20
52            android:name="com.bcoop.bcoop.MainActivity"
52-->src\main\AndroidManifest.xml:30:13-41
53            android:launchMode="singleTop" >
53-->src\main\AndroidManifest.xml:31:13-43
54            <intent-filter>
54-->src\main\AndroidManifest.xml:32:13-36:29
55                <action android:name="android.intent.action.MAIN" />
55-->src\main\AndroidManifest.xml:33:17-69
55-->src\main\AndroidManifest.xml:33:25-66
56
57                <category android:name="android.intent.category.LAUNCHER" />
57-->src\main\AndroidManifest.xml:35:17-77
57-->src\main\AndroidManifest.xml:35:27-74
58            </intent-filter>
59        </activity>
60        <activity
60-->[com.google.firebase:firebase-auth:19.3.0] AndroidManifest.xml:24:9-31:50
61            android:name="com.google.firebase.auth.internal.FederatedSignInActivity"
61-->[com.google.firebase:firebase-auth:19.3.0] AndroidManifest.xml:25:13-85
62            android:excludeFromRecents="true"
62-->[com.google.firebase:firebase-auth:19.3.0] AndroidManifest.xml:26:13-46
63            android:exported="true"
63-->[com.google.firebase:firebase-auth:19.3.0] AndroidManifest.xml:27:13-36
64            android:launchMode="singleTask"
64-->[com.google.firebase:firebase-auth:19.3.0] AndroidManifest.xml:28:13-44
65            android:permission="com.google.firebase.auth.api.gms.permission.LAUNCH_FEDERATED_SIGN_IN"
65-->[com.google.firebase:firebase-auth:19.3.0] AndroidManifest.xml:29:13-102
66            android:theme="@android:style/Theme.Translucent.NoTitleBar" />
66-->[com.google.firebase:firebase-auth:19.3.0] AndroidManifest.xml:30:13-72
67
68        <service
68-->[com.google.firebase:firebase-auth:19.3.0] AndroidManifest.xml:33:9-39:19
69            android:name="com.google.firebase.components.ComponentDiscoveryService"
69-->[com.google.firebase:firebase-auth:19.3.0] AndroidManifest.xml:34:13-84
70            android:directBootAware="true"
70-->[com.google.firebase:firebase-common:19.3.0] AndroidManifest.xml:34:13-43
71            android:exported="false" >
71-->[com.google.firebase:firebase-auth:19.3.0] AndroidManifest.xml:35:13-37
72            <meta-data
72-->[com.google.firebase:firebase-auth:19.3.0] AndroidManifest.xml:36:13-38:85
73                android:name="com.google.firebase.components:com.google.firebase.auth.FirebaseAuthRegistrar"
73-->[com.google.firebase:firebase-auth:19.3.0] AndroidManifest.xml:37:17-109
74                android:value="com.google.firebase.components.ComponentRegistrar" />
74-->[com.google.firebase:firebase-auth:19.3.0] AndroidManifest.xml:38:17-82
75            <meta-data
75-->[com.google.firebase:firebase-storage:19.1.1] AndroidManifest.xml:33:13-35:85
76                android:name="com.google.firebase.components:com.google.firebase.storage.StorageRegistrar"
76-->[com.google.firebase:firebase-storage:19.1.1] AndroidManifest.xml:34:17-107
77                android:value="com.google.firebase.components.ComponentRegistrar" />
77-->[com.google.firebase:firebase-storage:19.1.1] AndroidManifest.xml:35:17-82
78            <meta-data
78-->[com.google.firebase:firebase-firestore:17.1.2] AndroidManifest.xml:15:13-17:85
79                android:name="com.google.firebase.components:com.google.firebase.firestore.FirestoreRegistrar"
79-->[com.google.firebase:firebase-firestore:17.1.2] AndroidManifest.xml:16:17-111
80                android:value="com.google.firebase.components.ComponentRegistrar" />
80-->[com.google.firebase:firebase-firestore:17.1.2] AndroidManifest.xml:17:17-82
81            <meta-data
81-->[com.google.android.gms:play-services-measurement-api:17.2.3] AndroidManifest.xml:30:13-32:85
82                android:name="com.google.firebase.components:com.google.firebase.analytics.connector.internal.AnalyticsConnectorRegistrar"
82-->[com.google.android.gms:play-services-measurement-api:17.2.3] AndroidManifest.xml:31:17-139
83                android:value="com.google.firebase.components.ComponentRegistrar" />
83-->[com.google.android.gms:play-services-measurement-api:17.2.3] AndroidManifest.xml:32:17-82
84            <meta-data
84-->[com.google.firebase:firebase-iid:20.0.2] AndroidManifest.xml:32:13-34:85
85                android:name="com.google.firebase.components:com.google.firebase.iid.Registrar"
85-->[com.google.firebase:firebase-iid:20.0.2] AndroidManifest.xml:33:17-96
86                android:value="com.google.firebase.components.ComponentRegistrar" />
86-->[com.google.firebase:firebase-iid:20.0.2] AndroidManifest.xml:34:17-82
87        </service>
88
89        <activity
89-->[com.google.android.gms:play-services-auth:17.0.0] AndroidManifest.xml:23:9-27:75
90            android:name="com.google.android.gms.auth.api.signin.internal.SignInHubActivity"
90-->[com.google.android.gms:play-services-auth:17.0.0] AndroidManifest.xml:24:13-93
91            android:excludeFromRecents="true"
91-->[com.google.android.gms:play-services-auth:17.0.0] AndroidManifest.xml:25:13-46
92            android:exported="false"
92-->[com.google.android.gms:play-services-auth:17.0.0] AndroidManifest.xml:26:13-37
93            android:theme="@android:style/Theme.Translucent.NoTitleBar" />
93-->[com.google.android.gms:play-services-auth:17.0.0] AndroidManifest.xml:27:13-72
94        <!--
95            Service handling Google Sign-In user revocation. For apps that do not integrate with
96            Google Sign-In, this service will never be started.
97        -->
98        <service
98-->[com.google.android.gms:play-services-auth:17.0.0] AndroidManifest.xml:33:9-36:110
99            android:name="com.google.android.gms.auth.api.signin.RevocationBoundService"
99-->[com.google.android.gms:play-services-auth:17.0.0] AndroidManifest.xml:34:13-89
100            android:exported="true"
100-->[com.google.android.gms:play-services-auth:17.0.0] AndroidManifest.xml:35:13-36
101            android:permission="com.google.android.gms.auth.api.signin.permission.REVOCATION_NOTIFICATION" /> <!-- Needs to be explicitly declared on P+ -->
101-->[com.google.android.gms:play-services-auth:17.0.0] AndroidManifest.xml:36:13-107
102        <uses-library
102-->[com.google.android.gms:play-services-maps:17.0.0] AndroidManifest.xml:33:9-35:40
103            android:name="org.apache.http.legacy"
103-->[com.google.android.gms:play-services-maps:17.0.0] AndroidManifest.xml:34:13-50
104            android:required="false" />
104-->[com.google.android.gms:play-services-maps:17.0.0] AndroidManifest.xml:35:13-37
105
106        <receiver
106-->[com.google.android.gms:play-services-measurement:17.2.3] AndroidManifest.xml:29:9-33:20
107            android:name="com.google.android.gms.measurement.AppMeasurementReceiver"
107-->[com.google.android.gms:play-services-measurement:17.2.3] AndroidManifest.xml:30:13-85
108            android:enabled="true"
108-->[com.google.android.gms:play-services-measurement:17.2.3] AndroidManifest.xml:31:13-35
109            android:exported="false" >
109-->[com.google.android.gms:play-services-measurement:17.2.3] AndroidManifest.xml:32:13-37
110        </receiver>
111        <receiver
111-->[com.google.android.gms:play-services-measurement:17.2.3] AndroidManifest.xml:34:9-42:20
112            android:name="com.google.android.gms.measurement.AppMeasurementInstallReferrerReceiver"
112-->[com.google.android.gms:play-services-measurement:17.2.3] AndroidManifest.xml:35:13-100
113            android:enabled="true"
113-->[com.google.android.gms:play-services-measurement:17.2.3] AndroidManifest.xml:36:13-35
114            android:exported="true"
114-->[com.google.android.gms:play-services-measurement:17.2.3] AndroidManifest.xml:37:13-36
115            android:permission="android.permission.INSTALL_PACKAGES" >
115-->[com.google.android.gms:play-services-measurement:17.2.3] AndroidManifest.xml:38:13-69
116            <intent-filter>
116-->[com.google.android.gms:play-services-measurement:17.2.3] AndroidManifest.xml:39:13-41:29
117                <action android:name="com.android.vending.INSTALL_REFERRER" />
117-->[com.google.android.gms:play-services-measurement:17.2.3] AndroidManifest.xml:40:17-79
117-->[com.google.android.gms:play-services-measurement:17.2.3] AndroidManifest.xml:40:25-76
118            </intent-filter>
119        </receiver>
120
121        <service
121-->[com.google.android.gms:play-services-measurement:17.2.3] AndroidManifest.xml:44:9-47:40
122            android:name="com.google.android.gms.measurement.AppMeasurementService"
122-->[com.google.android.gms:play-services-measurement:17.2.3] AndroidManifest.xml:45:13-84
123            android:enabled="true"
123-->[com.google.android.gms:play-services-measurement:17.2.3] AndroidManifest.xml:46:13-35
124            android:exported="false" />
124-->[com.google.android.gms:play-services-measurement:17.2.3] AndroidManifest.xml:47:13-37
125        <service
125-->[com.google.android.gms:play-services-measurement:17.2.3] AndroidManifest.xml:48:9-52:72
126            android:name="com.google.android.gms.measurement.AppMeasurementJobService"
126-->[com.google.android.gms:play-services-measurement:17.2.3] AndroidManifest.xml:49:13-87
127            android:enabled="true"
127-->[com.google.android.gms:play-services-measurement:17.2.3] AndroidManifest.xml:50:13-35
128            android:exported="false"
128-->[com.google.android.gms:play-services-measurement:17.2.3] AndroidManifest.xml:51:13-37
129            android:permission="android.permission.BIND_JOB_SERVICE" />
129-->[com.google.android.gms:play-services-measurement:17.2.3] AndroidManifest.xml:52:13-69
130
131        <receiver
131-->[com.google.firebase:firebase-iid:20.0.2] AndroidManifest.xml:37:9-44:20
132            android:name="com.google.firebase.iid.FirebaseInstanceIdReceiver"
132-->[com.google.firebase:firebase-iid:20.0.2] AndroidManifest.xml:38:13-78
133            android:exported="true"
133-->[com.google.firebase:firebase-iid:20.0.2] AndroidManifest.xml:39:13-36
134            android:permission="com.google.android.c2dm.permission.SEND" >
134-->[com.google.firebase:firebase-iid:20.0.2] AndroidManifest.xml:40:13-73
135            <intent-filter>
135-->[com.google.firebase:firebase-iid:20.0.2] AndroidManifest.xml:41:13-43:29
136                <action android:name="com.google.android.c2dm.intent.RECEIVE" />
136-->[com.google.firebase:firebase-iid:20.0.2] AndroidManifest.xml:42:17-81
136-->[com.google.firebase:firebase-iid:20.0.2] AndroidManifest.xml:42:25-78
137            </intent-filter>
138        </receiver>
139
140        <provider
140-->[com.google.firebase:firebase-common:19.3.0] AndroidManifest.xml:26:9-30:39
141            android:name="com.google.firebase.provider.FirebaseInitProvider"
141-->[com.google.firebase:firebase-common:19.3.0] AndroidManifest.xml:27:13-77
142            android:authorities="com.bcoop.bcoop.firebaseinitprovider"
142-->[com.google.firebase:firebase-common:19.3.0] AndroidManifest.xml:28:13-72
143            android:exported="false"
143-->[com.google.firebase:firebase-common:19.3.0] AndroidManifest.xml:29:13-37
144            android:initOrder="100" />
144-->[com.google.firebase:firebase-common:19.3.0] AndroidManifest.xml:30:13-36
145
146        <activity
146-->[com.google.android.gms:play-services-base:17.1.0] AndroidManifest.xml:23:9-26:75
147            android:name="com.google.android.gms.common.api.GoogleApiActivity"
147-->[com.google.android.gms:play-services-base:17.1.0] AndroidManifest.xml:24:13-79
148            android:exported="false"
148-->[com.google.android.gms:play-services-base:17.1.0] AndroidManifest.xml:25:13-37
149            android:theme="@android:style/Theme.Translucent.NoTitleBar" />
149-->[com.google.android.gms:play-services-base:17.1.0] AndroidManifest.xml:26:13-72
150
151        <meta-data
151-->[com.google.android.gms:play-services-basement:17.0.0] AndroidManifest.xml:23:9-25:69
152            android:name="com.google.android.gms.version"
152-->[com.google.android.gms:play-services-basement:17.0.0] AndroidManifest.xml:24:13-58
153            android:value="@integer/google_play_services_version" />
153-->[com.google.android.gms:play-services-basement:17.0.0] AndroidManifest.xml:25:13-66
154
155        <provider
155-->[androidx.lifecycle:lifecycle-process:2.2.0] AndroidManifest.xml:25:9-29:43
156            android:name="androidx.lifecycle.ProcessLifecycleOwnerInitializer"
156-->[androidx.lifecycle:lifecycle-process:2.2.0] AndroidManifest.xml:26:13-79
157            android:authorities="com.bcoop.bcoop.lifecycle-process"
157-->[androidx.lifecycle:lifecycle-process:2.2.0] AndroidManifest.xml:27:13-69
158            android:exported="false"
158-->[androidx.lifecycle:lifecycle-process:2.2.0] AndroidManifest.xml:28:13-37
159            android:multiprocess="true" />
159-->[androidx.lifecycle:lifecycle-process:2.2.0] AndroidManifest.xml:29:13-40
160    </application>
161
162</manifest>